{"/mnt/c/Users/Admin/Desktop/frontend-project-lvl2/formatters/json.js": {"path":"/mnt/c/Users/Admin/Desktop/frontend-project-lvl2/formatters/json.js","statementMap":{"0":{"start":{"line":1,"column":13},"end":{"line":1,"column":43}},"1":{"start":{"line":1,"column":23},"end":{"line":1,"column":43}}},"fnMap":{"0":{"name":"(anonymous_0)","decl":{"start":{"line":1,"column":13},"end":{"line":1,"column":14}},"loc":{"start":{"line":1,"column":23},"end":{"line":1,"column":43}},"line":1}},"branchMap":{},"s":{"0":1,"1":2},"f":{"0":2},"b":{},"_coverageSchema":"1a1c01bbd47fc00a2c39e90264f33305004495a9","hash":"6c818855b07ba05605541283df542ee7f92fc278"}
,"/mnt/c/Users/Admin/Desktop/frontend-project-lvl2/formatters/plain.js": {"path":"/mnt/c/Users/Admin/Desktop/frontend-project-lvl2/formatters/plain.js","statementMap":{"0":{"start":{"line":3,"column":21},"end":{"line":3,"column":94}},"1":{"start":{"line":3,"column":32},"end":{"line":3,"column":94}},"2":{"start":{"line":5,"column":18},"end":{"line":28,"column":1}},"3":{"start":{"line":6,"column":15},"end":{"line":21,"column":3}},"4":{"start":{"line":7,"column":4},"end":{"line":20,"column":5}},"5":{"start":{"line":9,"column":8},"end":{"line":9,"column":67}},"6":{"start":{"line":11,"column":8},"end":{"line":11,"column":119}},"7":{"start":{"line":13,"column":8},"end":{"line":13,"column":81}},"8":{"start":{"line":15,"column":8},"end":{"line":15,"column":149}},"9":{"start":{"line":17,"column":8},"end":{"line":17,"column":18}},"10":{"start":{"line":19,"column":8},"end":{"line":19,"column":37}},"11":{"start":{"line":22,"column":23},"end":{"line":22,"column":27}},"12":{"start":{"line":23,"column":17},"end":{"line":23,"column":51}},"13":{"start":{"line":23,"column":40},"end":{"line":23,"column":50}},"14":{"start":{"line":24,"column":16},"end":{"line":24,"column":52}},"15":{"start":{"line":24,"column":40},"end":{"line":24,"column":51}},"16":{"start":{"line":25,"column":2},"end":{"line":27,"column":15}},"17":{"start":{"line":30,"column":14},"end":{"line":33,"column":1}},"18":{"start":{"line":31,"column":21},"end":{"line":31,"column":23}},"19":{"start":{"line":32,"column":2},"end":{"line":32,"column":37}}},"fnMap":{"0":{"name":"(anonymous_0)","decl":{"start":{"line":3,"column":21},"end":{"line":3,"column":22}},"loc":{"start":{"line":3,"column":32},"end":{"line":3,"column":94}},"line":3},"1":{"name":"(anonymous_1)","decl":{"start":{"line":5,"column":18},"end":{"line":5,"column":19}},"loc":{"start":{"line":5,"column":40},"end":{"line":28,"column":1}},"line":5},"2":{"name":"(anonymous_2)","decl":{"start":{"line":6,"column":15},"end":{"line":6,"column":16}},"loc":{"start":{"line":6,"column":25},"end":{"line":21,"column":3}},"line":6},"3":{"name":"(anonymous_3)","decl":{"start":{"line":23,"column":30},"end":{"line":23,"column":31}},"loc":{"start":{"line":23,"column":40},"end":{"line":23,"column":50}},"line":23},"4":{"name":"(anonymous_4)","decl":{"start":{"line":24,"column":30},"end":{"line":24,"column":31}},"loc":{"start":{"line":24,"column":40},"end":{"line":24,"column":51}},"line":24},"5":{"name":"(anonymous_5)","decl":{"start":{"line":30,"column":14},"end":{"line":30,"column":15}},"loc":{"start":{"line":30,"column":24},"end":{"line":33,"column":1}},"line":30}},"branchMap":{"0":{"loc":{"start":{"line":3,"column":35},"end":{"line":3,"column":92}},"type":"cond-expr","locations":[{"start":{"line":3,"column":60},"end":{"line":3,"column":77}},{"start":{"line":3,"column":80},"end":{"line":3,"column":92}}],"line":3},"1":{"loc":{"start":{"line":7,"column":4},"end":{"line":20,"column":5}},"type":"switch","locations":[{"start":{"line":8,"column":6},"end":{"line":9,"column":67}},{"start":{"line":10,"column":6},"end":{"line":11,"column":119}},{"start":{"line":12,"column":6},"end":{"line":13,"column":81}},{"start":{"line":14,"column":6},"end":{"line":15,"column":149}},{"start":{"line":16,"column":6},"end":{"line":17,"column":18}},{"start":{"line":18,"column":6},"end":{"line":19,"column":37}}],"line":7}},"s":{"0":1,"1":26,"2":1,"3":10,"4":36,"5":8,"6":10,"7":4,"8":8,"9":6,"10":0,"11":10,"12":10,"13":36,"14":10,"15":36,"16":10,"17":1,"18":2,"19":2},"f":{"0":26,"1":10,"2":36,"3":36,"4":36,"5":2},"b":{"0":[6,20],"1":[8,10,4,8,6,0]},"_coverageSchema":"1a1c01bbd47fc00a2c39e90264f33305004495a9","hash":"f54559b5c6c63dcca8b39182355810e9d030055c"}
,"/mnt/c/Users/Admin/Desktop/frontend-project-lvl2/formatters/stylish.js": {"path":"/mnt/c/Users/Admin/Desktop/frontend-project-lvl2/formatters/stylish.js","statementMap":{"0":{"start":{"line":1,"column":17},"end":{"line":12,"column":1}},"1":{"start":{"line":2,"column":2},"end":{"line":4,"column":3}},"2":{"start":{"line":3,"column":4},"end":{"line":3,"column":16}},"3":{"start":{"line":5,"column":2},"end":{"line":10,"column":3}},"4":{"start":{"line":6,"column":20},"end":{"line":6,"column":39}},"5":{"start":{"line":7,"column":16},"end":{"line":7,"column":30}},"6":{"start":{"line":8,"column":25},"end":{"line":8,"column":28}},"7":{"start":{"line":9,"column":4},"end":{"line":9,"column":122}},"8":{"start":{"line":11,"column":2},"end":{"line":11,"column":24}},"9":{"start":{"line":14,"column":16},"end":{"line":47,"column":1}},"10":{"start":{"line":15,"column":15},"end":{"line":39,"column":3}},"11":{"start":{"line":16,"column":21},"end":{"line":16,"column":24}},"12":{"start":{"line":17,"column":26},"end":{"line":17,"column":48}},"13":{"start":{"line":18,"column":17},"end":{"line":18,"column":19}},"14":{"start":{"line":19,"column":4},"end":{"line":37,"column":5}},"15":{"start":{"line":21,"column":8},"end":{"line":21,"column":88}},"16":{"start":{"line":22,"column":8},"end":{"line":22,"column":14}},"17":{"start":{"line":24,"column":8},"end":{"line":24,"column":83}},"18":{"start":{"line":25,"column":8},"end":{"line":25,"column":14}},"19":{"start":{"line":27,"column":8},"end":{"line":27,"column":83}},"20":{"start":{"line":28,"column":8},"end":{"line":28,"column":14}},"21":{"start":{"line":30,"column":8},"end":{"line":30,"column":166}},"22":{"start":{"line":31,"column":8},"end":{"line":31,"column":14}},"23":{"start":{"line":33,"column":8},"end":{"line":33,"column":83}},"24":{"start":{"line":34,"column":8},"end":{"line":34,"column":14}},"25":{"start":{"line":36,"column":8},"end":{"line":36,"column":37}},"26":{"start":{"line":38,"column":4},"end":{"line":38,"column":18}},"27":{"start":{"line":40,"column":23},"end":{"line":40,"column":27}},"28":{"start":{"line":41,"column":16},"end":{"line":41,"column":57}},"29":{"start":{"line":41,"column":39},"end":{"line":41,"column":56}},"30":{"start":{"line":43,"column":2},"end":{"line":46,"column":15}}},"fnMap":{"0":{"name":"(anonymous_0)","decl":{"start":{"line":1,"column":17},"end":{"line":1,"column":18}},"loc":{"start":{"line":1,"column":33},"end":{"line":12,"column":1}},"line":1},"1":{"name":"(anonymous_1)","decl":{"start":{"line":14,"column":16},"end":{"line":14,"column":17}},"loc":{"start":{"line":14,"column":37},"end":{"line":47,"column":1}},"line":14},"2":{"name":"(anonymous_2)","decl":{"start":{"line":15,"column":15},"end":{"line":15,"column":16}},"loc":{"start":{"line":15,"column":25},"end":{"line":39,"column":3}},"line":15},"3":{"name":"(anonymous_3)","decl":{"start":{"line":41,"column":29},"end":{"line":41,"column":30}},"loc":{"start":{"line":41,"column":39},"end":{"line":41,"column":56}},"line":41}},"branchMap":{"0":{"loc":{"start":{"line":2,"column":2},"end":{"line":4,"column":3}},"type":"if","locations":[{"start":{"line":2,"column":2},"end":{"line":4,"column":3}},{"start":{"line":2,"column":2},"end":{"line":4,"column":3}}],"line":2},"1":{"loc":{"start":{"line":5,"column":2},"end":{"line":10,"column":3}},"type":"if","locations":[{"start":{"line":5,"column":2},"end":{"line":10,"column":3}},{"start":{"line":5,"column":2},"end":{"line":10,"column":3}}],"line":5},"2":{"loc":{"start":{"line":14,"column":23},"end":{"line":14,"column":32}},"type":"default-arg","locations":[{"start":{"line":14,"column":31},"end":{"line":14,"column":32}}],"line":14},"3":{"loc":{"start":{"line":19,"column":4},"end":{"line":37,"column":5}},"type":"switch","locations":[{"start":{"line":20,"column":6},"end":{"line":22,"column":14}},{"start":{"line":23,"column":6},"end":{"line":25,"column":14}},{"start":{"line":26,"column":6},"end":{"line":28,"column":14}},{"start":{"line":29,"column":6},"end":{"line":31,"column":14}},{"start":{"line":32,"column":6},"end":{"line":34,"column":14}},{"start":{"line":35,"column":6},"end":{"line":36,"column":37}}],"line":19}},"s":{"0":1,"1":0,"2":0,"3":0,"4":0,"5":0,"6":0,"7":0,"8":0,"9":1,"10":0,"11":0,"12":0,"13":0,"14":0,"15":0,"16":0,"17":0,"18":0,"19":0,"20":0,"21":0,"22":0,"23":0,"24":0,"25":0,"26":0,"27":0,"28":0,"29":0,"30":0},"f":{"0":0,"1":0,"2":0,"3":0},"b":{"0":[0,0],"1":[0,0],"2":[0],"3":[0,0,0,0,0,0]},"_coverageSchema":"1a1c01bbd47fc00a2c39e90264f33305004495a9","hash":"30e9c470b8b012427ed2e542c5f2931673dc430a"}
,"/mnt/c/Users/Admin/Desktop/frontend-project-lvl2/parsers/parser.js": {"path":"/mnt/c/Users/Admin/Desktop/frontend-project-lvl2/parsers/parser.js","statementMap":{"0":{"start":{"line":3,"column":21},"end":{"line":12,"column":1}},"1":{"start":{"line":4,"column":2},"end":{"line":11,"column":3}},"2":{"start":{"line":6,"column":6},"end":{"line":6,"column":30}},"3":{"start":{"line":8,"column":6},"end":{"line":8,"column":31}},"4":{"start":{"line":10,"column":6},"end":{"line":10,"column":64}}},"fnMap":{"0":{"name":"(anonymous_0)","decl":{"start":{"line":3,"column":21},"end":{"line":3,"column":22}},"loc":{"start":{"line":3,"column":41},"end":{"line":12,"column":1}},"line":3}},"branchMap":{"0":{"loc":{"start":{"line":4,"column":2},"end":{"line":11,"column":3}},"type":"switch","locations":[{"start":{"line":5,"column":4},"end":{"line":6,"column":30}},{"start":{"line":7,"column":4},"end":{"line":8,"column":31}},{"start":{"line":9,"column":4},"end":{"line":10,"column":64}}],"line":4}},"s":{"0":1,"1":8,"2":4,"3":4,"4":0},"f":{"0":8},"b":{"0":[4,4,0]},"_coverageSchema":"1a1c01bbd47fc00a2c39e90264f33305004495a9","hash":"01c4aadccca49f4a1177362415349c0b85ed0753"}
,"/mnt/c/Users/Admin/Desktop/frontend-project-lvl2/src/buildDiff.js": {"path":"/mnt/c/Users/Admin/Desktop/frontend-project-lvl2/src/buildDiff.js","statementMap":{"0":{"start":{"line":3,"column":18},"end":{"line":29,"column":1}},"1":{"start":{"line":4,"column":16},"end":{"line":4,"column":34}},"2":{"start":{"line":5,"column":16},"end":{"line":5,"column":34}},"3":{"start":{"line":6,"column":15},"end":{"line":6,"column":43}},"4":{"start":{"line":7,"column":15},"end":{"line":24,"column":3}},"5":{"start":{"line":8,"column":4},"end":{"line":10,"column":5}},"6":{"start":{"line":9,"column":6},"end":{"line":9,"column":55}},"7":{"start":{"line":11,"column":4},"end":{"line":13,"column":5}},"8":{"start":{"line":12,"column":6},"end":{"line":12,"column":57}},"9":{"start":{"line":14,"column":4},"end":{"line":18,"column":5}},"10":{"start":{"line":15,"column":6},"end":{"line":17,"column":8}},"11":{"start":{"line":19,"column":4},"end":{"line":23,"column":5}},"12":{"start":{"line":20,"column":6},"end":{"line":22,"column":8}},"13":{"start":{"line":23,"column":6},"end":{"line":23,"column":59}},"14":{"start":{"line":26,"column":15},"end":{"line":26,"column":43}},"15":{"start":{"line":26,"column":33},"end":{"line":26,"column":42}},"16":{"start":{"line":28,"column":2},"end":{"line":28,"column":42}}},"fnMap":{"0":{"name":"(anonymous_0)","decl":{"start":{"line":3,"column":18},"end":{"line":3,"column":19}},"loc":{"start":{"line":3,"column":36},"end":{"line":29,"column":1}},"line":3},"1":{"name":"(anonymous_1)","decl":{"start":{"line":7,"column":15},"end":{"line":7,"column":16}},"loc":{"start":{"line":7,"column":24},"end":{"line":24,"column":3}},"line":7},"2":{"name":"(anonymous_2)","decl":{"start":{"line":26,"column":24},"end":{"line":26,"column":25}},"loc":{"start":{"line":26,"column":33},"end":{"line":26,"column":42}},"line":26}},"branchMap":{"0":{"loc":{"start":{"line":8,"column":4},"end":{"line":10,"column":5}},"type":"if","locations":[{"start":{"line":8,"column":4},"end":{"line":10,"column":5}},{"start":{"line":8,"column":4},"end":{"line":10,"column":5}}],"line":8},"1":{"loc":{"start":{"line":11,"column":4},"end":{"line":13,"column":5}},"type":"if","locations":[{"start":{"line":11,"column":4},"end":{"line":13,"column":5}},{"start":{"line":11,"column":4},"end":{"line":13,"column":5}}],"line":11},"2":{"loc":{"start":{"line":14,"column":4},"end":{"line":18,"column":5}},"type":"if","locations":[{"start":{"line":14,"column":4},"end":{"line":18,"column":5}},{"start":{"line":14,"column":4},"end":{"line":18,"column":5}}],"line":14},"3":{"loc":{"start":{"line":14,"column":8},"end":{"line":14,"column":66}},"type":"binary-expr","locations":[{"start":{"line":14,"column":8},"end":{"line":14,"column":35}},{"start":{"line":14,"column":39},"end":{"line":14,"column":66}}],"line":14},"4":{"loc":{"start":{"line":19,"column":4},"end":{"line":23,"column":5}},"type":"if","locations":[{"start":{"line":19,"column":4},"end":{"line":23,"column":5}},{"start":{"line":19,"column":4},"end":{"line":23,"column":5}}],"line":19}},"s":{"0":1,"1":20,"2":20,"3":20,"4":20,"5":72,"6":20,"7":52,"8":8,"9":44,"10":16,"11":28,"12":16,"13":12,"14":20,"15":72,"16":20},"f":{"0":20,"1":72,"2":72},"b":{"0":[20,52],"1":[8,44],"2":[16,28],"3":[44,20],"4":[16,12]},"_coverageSchema":"1a1c01bbd47fc00a2c39e90264f33305004495a9","hash":"a35e2b011b8ebf2a1c58259a84a3860d7175d4a0"}
,"/mnt/c/Users/Admin/Desktop/frontend-project-lvl2/src/index.js": {"path":"/mnt/c/Users/Admin/Desktop/frontend-project-lvl2/src/index.js","statementMap":{"0":{"start":{"line":7,"column":19},"end":{"line":7,"column":70}},"1":{"start":{"line":7,"column":33},"end":{"line":7,"column":70}},"2":{"start":{"line":8,"column":17},"end":{"line":8,"column":76}},"3":{"start":{"line":8,"column":31},"end":{"line":8,"column":76}},"4":{"start":{"line":10,"column":16},"end":{"line":17,"column":1}},"5":{"start":{"line":11,"column":16},"end":{"line":11,"column":35}},"6":{"start":{"line":12,"column":16},"end":{"line":12,"column":35}},"7":{"start":{"line":13,"column":22},"end":{"line":13,"column":83}},"8":{"start":{"line":14,"column":22},"end":{"line":14,"column":83}},"9":{"start":{"line":15,"column":15},"end":{"line":15,"column":50}},"10":{"start":{"line":16,"column":2},"end":{"line":16,"column":32}}},"fnMap":{"0":{"name":"(anonymous_0)","decl":{"start":{"line":7,"column":19},"end":{"line":7,"column":20}},"loc":{"start":{"line":7,"column":33},"end":{"line":7,"column":70}},"line":7},"1":{"name":"(anonymous_1)","decl":{"start":{"line":8,"column":17},"end":{"line":8,"column":18}},"loc":{"start":{"line":8,"column":31},"end":{"line":8,"column":76}},"line":8},"2":{"name":"(anonymous_2)","decl":{"start":{"line":10,"column":16},"end":{"line":10,"column":17}},"loc":{"start":{"line":10,"column":62},"end":{"line":17,"column":1}},"line":10}},"branchMap":{"0":{"loc":{"start":{"line":10,"column":39},"end":{"line":10,"column":57}},"type":"default-arg","locations":[{"start":{"line":10,"column":48},"end":{"line":10,"column":57}}],"line":10}},"s":{"0":1,"1":8,"2":1,"3":8,"4":1,"5":4,"6":4,"7":4,"8":4,"9":4,"10":4},"f":{"0":8,"1":8,"2":4},"b":{"0":[0]},"_coverageSchema":"1a1c01bbd47fc00a2c39e90264f33305004495a9","hash":"b7a7b5d99805d5c8d2b8ac7c62b070eb95de1b01"}
,"/mnt/c/Users/Admin/Desktop/frontend-project-lvl2/src/showTree.js": {"path":"/mnt/c/Users/Admin/Desktop/frontend-project-lvl2/src/showTree.js","statementMap":{"0":{"start":{"line":5,"column":17},"end":{"line":16,"column":1}},"1":{"start":{"line":6,"column":2},"end":{"line":15,"column":3}},"2":{"start":{"line":8,"column":6},"end":{"line":8,"column":25}},"3":{"start":{"line":10,"column":6},"end":{"line":10,"column":24}},"4":{"start":{"line":12,"column":6},"end":{"line":12,"column":27}},"5":{"start":{"line":14,"column":6},"end":{"line":14,"column":57}}},"fnMap":{"0":{"name":"(anonymous_0)","decl":{"start":{"line":5,"column":17},"end":{"line":5,"column":18}},"loc":{"start":{"line":5,"column":35},"end":{"line":16,"column":1}},"line":5}},"branchMap":{"0":{"loc":{"start":{"line":6,"column":2},"end":{"line":15,"column":3}},"type":"switch","locations":[{"start":{"line":7,"column":4},"end":{"line":8,"column":25}},{"start":{"line":9,"column":4},"end":{"line":10,"column":24}},{"start":{"line":11,"column":4},"end":{"line":12,"column":27}},{"start":{"line":13,"column":4},"end":{"line":14,"column":57}}],"line":6}},"s":{"0":1,"1":4,"2":2,"3":2,"4":0,"5":0},"f":{"0":4},"b":{"0":[2,2,0,0]},"_coverageSchema":"1a1c01bbd47fc00a2c39e90264f33305004495a9","hash":"eca4f2bc1d2fbffd3595670651c2cc72e228d0c7"}
}
