TN:
SF:formatters/json.js
FN:1,(anonymous_0)
FNF:1
FNH:1
FNDA:2,(anonymous_0)
DA:1,2
LF:1
LH:1
BRF:0
BRH:0
end_of_record
TN:
SF:formatters/plain.js
FN:3,(anonymous_0)
FN:5,(anonymous_1)
FN:6,(anonymous_2)
FN:23,(anonymous_3)
FN:24,(anonymous_4)
FN:30,(anonymous_5)
FNF:6
FNH:6
FNDA:26,(anonymous_0)
FNDA:10,(anonymous_1)
FNDA:36,(anonymous_2)
FNDA:36,(anonymous_3)
FNDA:36,(anonymous_4)
FNDA:2,(anonymous_5)
DA:3,26
DA:5,1
DA:6,10
DA:7,36
DA:9,8
DA:11,10
DA:13,4
DA:15,8
DA:17,6
DA:19,0
DA:22,10
DA:23,36
DA:24,36
DA:25,10
DA:30,1
DA:31,2
DA:32,2
LF:17
LH:16
BRDA:3,0,0,6
BRDA:3,0,1,20
BRDA:7,1,0,8
BRDA:7,1,1,10
BRDA:7,1,2,4
BRDA:7,1,3,8
BRDA:7,1,4,6
BRDA:7,1,5,0
BRF:8
BRH:7
end_of_record
TN:
SF:formatters/stylish.js
FN:1,(anonymous_0)
FN:14,(anonymous_1)
FN:15,(anonymous_2)
FN:41,(anonymous_3)
FNF:4
FNH:0
FNDA:0,(anonymous_0)
FNDA:0,(anonymous_1)
FNDA:0,(anonymous_2)
FNDA:0,(anonymous_3)
DA:1,1
DA:2,0
DA:3,0
DA:5,0
DA:6,0
DA:7,0
DA:8,0
DA:9,0
DA:11,0
DA:14,1
DA:15,0
DA:16,0
DA:17,0
DA:18,0
DA:19,0
DA:21,0
DA:22,0
DA:24,0
DA:25,0
DA:27,0
DA:28,0
DA:30,0
DA:31,0
DA:33,0
DA:34,0
DA:36,0
DA:38,0
DA:40,0
DA:41,0
DA:43,0
LF:30
LH:2
BRDA:2,0,0,0
BRDA:2,0,1,0
BRDA:5,1,0,0
BRDA:5,1,1,0
BRDA:14,2,0,0
BRDA:19,3,0,0
BRDA:19,3,1,0
BRDA:19,3,2,0
BRDA:19,3,3,0
BRDA:19,3,4,0
BRDA:19,3,5,0
BRF:11
BRH:0
end_of_record
TN:
SF:parsers/parser.js
FN:3,(anonymous_0)
FNF:1
FNH:1
FNDA:8,(anonymous_0)
DA:3,1
DA:4,8
DA:6,4
DA:8,4
DA:10,0
LF:5
LH:4
BRDA:4,0,0,4
BRDA:4,0,1,4
BRDA:4,0,2,0
BRF:3
BRH:2
end_of_record
TN:
SF:src/buildDiff.js
FN:3,(anonymous_0)
FN:7,(anonymous_1)
FN:26,(anonymous_2)
FNF:3
FNH:3
FNDA:20,(anonymous_0)
FNDA:72,(anonymous_1)
FNDA:72,(anonymous_2)
DA:3,1
DA:4,20
DA:5,20
DA:6,20
DA:7,20
DA:8,72
DA:9,20
DA:11,52
DA:12,8
DA:14,44
DA:15,16
DA:19,28
DA:20,16
DA:23,12
DA:26,72
DA:28,20
LF:16
LH:16
BRDA:8,0,0,20
BRDA:8,0,1,52
BRDA:11,1,0,8
BRDA:11,1,1,44
BRDA:14,2,0,16
BRDA:14,2,1,28
BRDA:14,3,0,44
BRDA:14,3,1,20
BRDA:19,4,0,16
BRDA:19,4,1,12
BRF:10
BRH:10
end_of_record
TN:
SF:src/index.js
FN:7,(anonymous_0)
FN:8,(anonymous_1)
FN:10,(anonymous_2)
FNF:3
FNH:3
FNDA:8,(anonymous_0)
FNDA:8,(anonymous_1)
FNDA:4,(anonymous_2)
DA:7,8
DA:8,8
DA:10,1
DA:11,4
DA:12,4
DA:13,4
DA:14,4
DA:15,4
DA:16,4
LF:9
LH:9
BRDA:10,0,0,0
BRF:1
BRH:0
end_of_record
TN:
SF:src/showTree.js
FN:5,(anonymous_0)
FNF:1
FNH:1
FNDA:4,(anonymous_0)
DA:5,1
DA:6,4
DA:8,2
DA:10,2
DA:12,0
DA:14,0
LF:6
LH:4
BRDA:6,0,0,2
BRDA:6,0,1,2
BRDA:6,0,2,0
BRDA:6,0,3,0
BRF:4
BRH:2
end_of_record
